<?xml version="1.0" encoding="UTF-8"?>
<!-- Generated by org.testng.reporters.JUnitXMLReporter -->
<testsuite ignored="4" hostname="swathi" failures="0" tests="2" name="Test-Runner-Chrome" time="17.524" errors="0" timestamp="2023-06-22T16:20:57 IST">
  <testcase classname="genericUtilities.BaseClass" name="@BeforeMethod bm" time="0.002">
    <failure type="java.lang.NullPointerException" message="Cannot invoke &amp;quot;org.openqa.selenium.SearchContext.findElement(org.openqa.selenium.By)&amp;quot; because &amp;quot;this.searchContext&amp;quot; is null">
      <![CDATA[java.lang.NullPointerException: Cannot invoke "org.openqa.selenium.SearchContext.findElement(org.openqa.selenium.By)" because "this.searchContext" is null
at org.openqa.selenium.support.pagefactory.DefaultElementLocator.findElement(DefaultElementLocator.java:70)
at org.openqa.selenium.support.pagefactory.internal.LocatingElementHandler.invoke(LocatingElementHandler.java:39)
at jdk.proxy2/jdk.proxy2.$Proxy21.sendKeys(Unknown Source)
at objectRepository.LoginPage.loginToApp(LoginPage.java:40)
at genericUtilities.BaseClass.bm(BaseClass.java:72)
at java.base/java.util.ArrayList.forEach(ArrayList.java:1511)
at java.base/java.util.concurrent.FutureTask.run(FutureTask.java:264)
at java.base/java.util.concurrent.ThreadPoolExecutor.runWorker(ThreadPoolExecutor.java:1136)
at java.base/java.util.concurrent.ThreadPoolExecutor$Worker.run(ThreadPoolExecutor.java:635)
at java.base/java.lang.Thread.run(Thread.java:833)
... Removed 22 stack frames]]>
    </failure>
  </testcase> <!-- @BeforeMethod bm -->
  <testcase classname="genericUtilities.BaseClass" name="@AfterMethod am" time="-1.687431057286E9">
    <skipped/>
  </testcase> <!-- @AfterMethod am -->
  <testcase classname="vtiger.Products.CreateNewProductWithBaseClassTest" name="createProduct" time="8.727"/>
  <testcase classname="vtiger.Campaign.CreateNewCampaignWithProductWithBaseClassTest" name="createCamapignWithProduct" time="0.0">
    <skipped/>
  </testcase> <!-- createCamapignWithProduct -->
  <testcase classname="genericUtilities.BaseClass" name="@AfterTest ac" time="0.0">
    <ignored/>
  </testcase> <!-- @AfterTest ac -->
  <testcase classname="genericUtilities.BaseClass" name="@AfterSuite as" time="0.0">
    <ignored/>
  </testcase> <!-- @AfterSuite as -->
  <testcase classname="genericUtilities.BaseClass" name="@BeforeSuite bs" time="0.0">
    <ignored/>
  </testcase> <!-- @BeforeSuite bs -->
  <testcase classname="genericUtilities.BaseClass" name="@BeforeTest bc" time="0.0">
    <ignored/>
  </testcase> <!-- @BeforeTest bc -->
</testsuite> <!-- Test-Runner-Chrome -->
